INFO:root:username: RishiMukherjee2
INFO:root:username: RishiMukherjee2
INFO:root:username: RishiMukherjee2
INFO:root:username: RishiMukherjee2
DEBUG:oauthlib:Collected params: [(u'oauth_nonce', u'150345448880407076591377581603'), (u'oauth_timestamp', u'1377581603'), (u'oauth_consumer_key', u'X1XWOCYDlpKh4RujSOMnw'), (u'oauth_signature_method', u'HMAC-SHA1'), (u'oauth_version', u'1.0'), (u'oauth_token', u'531510786-kjsZFZKKgfprJ0j2fTlpyEZDscoGuJgk6QivNukv')]
DEBUG:oauthlib:Normalized params: oauth_consumer_key=X1XWOCYDlpKh4RujSOMnw&oauth_nonce=150345448880407076591377581603&oauth_signature_method=HMAC-SHA1&oauth_timestamp=1377581603&oauth_token=531510786-kjsZFZKKgfprJ0j2fTlpyEZDscoGuJgk6QivNukv&oauth_version=1.0
DEBUG:oauthlib:Normalized URI: https://api.twitter.com/1.1/statuses/mentions_timeline.json
DEBUG:oauthlib:Base signing string: GET&https%3A%2F%2Fapi.twitter.com%2F1.1%2Fstatuses%2Fmentions_timeline.json&oauth_consumer_key%3DX1XWOCYDlpKh4RujSOMnw%26oauth_nonce%3D150345448880407076591377581603%26oauth_signature_method%3DHMAC-SHA1%26oauth_timestamp%3D1377581603%26oauth_token%3D531510786-kjsZFZKKgfprJ0j2fTlpyEZDscoGuJgk6QivNukv%26oauth_version%3D1.0
DEBUG:oauthlib:Signature: rBlFXUReKHDfcgj3WQmiusKXgO4=
DEBUG:oauthlib:Encoding URI, headers and body to utf-8.
INFO:requests.packages.urllib3.connectionpool:Starting new HTTPS connection (1): api.twitter.com
DEBUG:requests.packages.urllib3.connectionpool:"GET /1.1/statuses/mentions_timeline.json HTTP/1.1" 200 865
INFO:root:username: RishiMukherjee2
DEBUG:oauthlib:Collected params: [(u'screen_name', u'RishiMukherjee2'), (u'count', u'5'), (u'oauth_nonce', u'95872236765116994261377581910'), (u'oauth_timestamp', u'1377581910'), (u'oauth_consumer_key', u'X1XWOCYDlpKh4RujSOMnw'), (u'oauth_signature_method', u'HMAC-SHA1'), (u'oauth_version', u'1.0'), (u'oauth_token', u'531510786-kjsZFZKKgfprJ0j2fTlpyEZDscoGuJgk6QivNukv')]
DEBUG:oauthlib:Normalized params: count=5&oauth_consumer_key=X1XWOCYDlpKh4RujSOMnw&oauth_nonce=95872236765116994261377581910&oauth_signature_method=HMAC-SHA1&oauth_timestamp=1377581910&oauth_token=531510786-kjsZFZKKgfprJ0j2fTlpyEZDscoGuJgk6QivNukv&oauth_version=1.0&screen_name=RishiMukherjee2
DEBUG:oauthlib:Normalized URI: https://api.twitter.com/1.1/statuses/user_timeline.json
DEBUG:oauthlib:Base signing string: GET&https%3A%2F%2Fapi.twitter.com%2F1.1%2Fstatuses%2Fuser_timeline.json&count%3D5%26oauth_consumer_key%3DX1XWOCYDlpKh4RujSOMnw%26oauth_nonce%3D95872236765116994261377581910%26oauth_signature_method%3DHMAC-SHA1%26oauth_timestamp%3D1377581910%26oauth_token%3D531510786-kjsZFZKKgfprJ0j2fTlpyEZDscoGuJgk6QivNukv%26oauth_version%3D1.0%26screen_name%3DRishiMukherjee2
DEBUG:oauthlib:Signature: WKkvcLc9Pn/grtDXmCgCiQlVQqE=
DEBUG:oauthlib:Encoding URI, headers and body to utf-8.
INFO:requests.packages.urllib3.connectionpool:Starting new HTTPS connection (1): api.twitter.com
DEBUG:requests.packages.urllib3.connectionpool:"GET /1.1/statuses/user_timeline.json?screen_name=RishiMukherjee2&count=5 HTTP/1.1" 200 1599
INFO:root:username: RishiMukherjee2
DEBUG:oauthlib:Collected params: [(u'screen_name', u'RishiMukherjee2'), (u'count', u'1'), (u'oauth_nonce', u'99537733430297826621377581932'), (u'oauth_timestamp', u'1377581932'), (u'oauth_consumer_key', u'X1XWOCYDlpKh4RujSOMnw'), (u'oauth_signature_method', u'HMAC-SHA1'), (u'oauth_version', u'1.0'), (u'oauth_token', u'531510786-kjsZFZKKgfprJ0j2fTlpyEZDscoGuJgk6QivNukv')]
DEBUG:oauthlib:Normalized params: count=1&oauth_consumer_key=X1XWOCYDlpKh4RujSOMnw&oauth_nonce=99537733430297826621377581932&oauth_signature_method=HMAC-SHA1&oauth_timestamp=1377581932&oauth_token=531510786-kjsZFZKKgfprJ0j2fTlpyEZDscoGuJgk6QivNukv&oauth_version=1.0&screen_name=RishiMukherjee2
DEBUG:oauthlib:Normalized URI: https://api.twitter.com/1.1/statuses/user_timeline.json
DEBUG:oauthlib:Base signing string: GET&https%3A%2F%2Fapi.twitter.com%2F1.1%2Fstatuses%2Fuser_timeline.json&count%3D1%26oauth_consumer_key%3DX1XWOCYDlpKh4RujSOMnw%26oauth_nonce%3D99537733430297826621377581932%26oauth_signature_method%3DHMAC-SHA1%26oauth_timestamp%3D1377581932%26oauth_token%3D531510786-kjsZFZKKgfprJ0j2fTlpyEZDscoGuJgk6QivNukv%26oauth_version%3D1.0%26screen_name%3DRishiMukherjee2
DEBUG:oauthlib:Signature: k8ijQDZorawbEois9qOmqnYhgvs=
DEBUG:oauthlib:Encoding URI, headers and body to utf-8.
INFO:requests.packages.urllib3.connectionpool:Starting new HTTPS connection (1): api.twitter.com
DEBUG:requests.packages.urllib3.connectionpool:"GET /1.1/statuses/user_timeline.json?screen_name=RishiMukherjee2&count=1 HTTP/1.1" 200 1039
INFO:root:username: RishiMukherjee2
DEBUG:oauthlib:Collected params: [(u'screen_name', u'RishiMukherjee2'), (u'count', u'1'), (u'oauth_nonce', u'849071586143024091377582028'), (u'oauth_timestamp', u'1377582028'), (u'oauth_consumer_key', u'X1XWOCYDlpKh4RujSOMnw'), (u'oauth_signature_method', u'HMAC-SHA1'), (u'oauth_version', u'1.0'), (u'oauth_token', u'531510786-kjsZFZKKgfprJ0j2fTlpyEZDscoGuJgk6QivNukv')]
DEBUG:oauthlib:Normalized params: count=1&oauth_consumer_key=X1XWOCYDlpKh4RujSOMnw&oauth_nonce=849071586143024091377582028&oauth_signature_method=HMAC-SHA1&oauth_timestamp=1377582028&oauth_token=531510786-kjsZFZKKgfprJ0j2fTlpyEZDscoGuJgk6QivNukv&oauth_version=1.0&screen_name=RishiMukherjee2
DEBUG:oauthlib:Normalized URI: https://api.twitter.com/1.1/statuses/user_timeline.json
DEBUG:oauthlib:Base signing string: GET&https%3A%2F%2Fapi.twitter.com%2F1.1%2Fstatuses%2Fuser_timeline.json&count%3D1%26oauth_consumer_key%3DX1XWOCYDlpKh4RujSOMnw%26oauth_nonce%3D849071586143024091377582028%26oauth_signature_method%3DHMAC-SHA1%26oauth_timestamp%3D1377582028%26oauth_token%3D531510786-kjsZFZKKgfprJ0j2fTlpyEZDscoGuJgk6QivNukv%26oauth_version%3D1.0%26screen_name%3DRishiMukherjee2
DEBUG:oauthlib:Signature: Js2v3m4RrSFl/iUTv5cPrMEU7YY=
DEBUG:oauthlib:Encoding URI, headers and body to utf-8.
INFO:requests.packages.urllib3.connectionpool:Starting new HTTPS connection (1): api.twitter.com
DEBUG:requests.packages.urllib3.connectionpool:"GET /1.1/statuses/user_timeline.json?screen_name=RishiMukherjee2&count=1 HTTP/1.1" 200 1039
INFO:root:username: RishiMukherjee2
DEBUG:oauthlib:Collected params: [(u'screen_name', u'RishiMukherjee2'), (u'count', u'1'), (u'oauth_nonce', u'44148977403406007301377582052'), (u'oauth_timestamp', u'1377582052'), (u'oauth_consumer_key', u'X1XWOCYDlpKh4RujSOMnw'), (u'oauth_signature_method', u'HMAC-SHA1'), (u'oauth_version', u'1.0'), (u'oauth_token', u'531510786-kjsZFZKKgfprJ0j2fTlpyEZDscoGuJgk6QivNukv')]
DEBUG:oauthlib:Normalized params: count=1&oauth_consumer_key=X1XWOCYDlpKh4RujSOMnw&oauth_nonce=44148977403406007301377582052&oauth_signature_method=HMAC-SHA1&oauth_timestamp=1377582052&oauth_token=531510786-kjsZFZKKgfprJ0j2fTlpyEZDscoGuJgk6QivNukv&oauth_version=1.0&screen_name=RishiMukherjee2
DEBUG:oauthlib:Normalized URI: https://api.twitter.com/1.1/statuses/user_timeline.json
DEBUG:oauthlib:Base signing string: GET&https%3A%2F%2Fapi.twitter.com%2F1.1%2Fstatuses%2Fuser_timeline.json&count%3D1%26oauth_consumer_key%3DX1XWOCYDlpKh4RujSOMnw%26oauth_nonce%3D44148977403406007301377582052%26oauth_signature_method%3DHMAC-SHA1%26oauth_timestamp%3D1377582052%26oauth_token%3D531510786-kjsZFZKKgfprJ0j2fTlpyEZDscoGuJgk6QivNukv%26oauth_version%3D1.0%26screen_name%3DRishiMukherjee2
DEBUG:oauthlib:Signature: aYsW3LiS4LuSHTXVLZ/DXZw2gyg=
DEBUG:oauthlib:Encoding URI, headers and body to utf-8.
INFO:requests.packages.urllib3.connectionpool:Starting new HTTPS connection (1): api.twitter.com
DEBUG:requests.packages.urllib3.connectionpool:"GET /1.1/statuses/user_timeline.json?screen_name=RishiMukherjee2&count=1 HTTP/1.1" 200 1039
INFO:root:username: RishiMukherjee2
INFO:root:username: RishiMukherjee2
DEBUG:oauthlib:Collected params: [(u'oauth_version', u'1.0'), (u'oauth_consumer_key', u'X1XWOCYDlpKh4RujSOMnw'), (u'oauth_signature_method', u'HMAC-SHA1'), (u'oauth_nonce', u'74585248832580866061377583278'), (u'oauth_timestamp', u'1377583278')]
DEBUG:oauthlib:Normalized params: oauth_consumer_key=X1XWOCYDlpKh4RujSOMnw&oauth_nonce=74585248832580866061377583278&oauth_signature_method=HMAC-SHA1&oauth_timestamp=1377583278&oauth_version=1.0
DEBUG:oauthlib:Normalized URI: https://api.twitter.com/oauth/request_token
DEBUG:oauthlib:Base signing string: POST&https%3A%2F%2Fapi.twitter.com%2Foauth%2Frequest_token&oauth_consumer_key%3DX1XWOCYDlpKh4RujSOMnw%26oauth_nonce%3D74585248832580866061377583278%26oauth_signature_method%3DHMAC-SHA1%26oauth_timestamp%3D1377583278%26oauth_version%3D1.0
DEBUG:oauthlib:Signature: DEYBpQKKr5h8T2YpK3fU4PWYq6c=
DEBUG:oauthlib:Encoding URI, headers and body to utf-8.
INFO:requests.packages.urllib3.connectionpool:Starting new HTTPS connection (1): api.twitter.com
DEBUG:requests.packages.urllib3.connectionpool:"POST /oauth/request_token HTTP/1.1" 200 149
DEBUG:oauthlib:Collected params: [(u'oauth_nonce', u'177890454751579028541377583362'), (u'oauth_timestamp', u'1377583362'), (u'oauth_verifier', u'2531010'), (u'oauth_consumer_key', u'X1XWOCYDlpKh4RujSOMnw'), (u'oauth_signature_method', u'HMAC-SHA1'), (u'oauth_version', u'1.0'), (u'oauth_token', u'RcdhelO1Kf07vf80FvU1IN0TvVWQP6ykJlwdCzU')]
DEBUG:oauthlib:Normalized params: oauth_consumer_key=X1XWOCYDlpKh4RujSOMnw&oauth_nonce=177890454751579028541377583362&oauth_signature_method=HMAC-SHA1&oauth_timestamp=1377583362&oauth_token=RcdhelO1Kf07vf80FvU1IN0TvVWQP6ykJlwdCzU&oauth_verifier=2531010&oauth_version=1.0
DEBUG:oauthlib:Normalized URI: https://api.twitter.com/oauth/access_token
DEBUG:oauthlib:Base signing string: POST&https%3A%2F%2Fapi.twitter.com%2Foauth%2Faccess_token&oauth_consumer_key%3DX1XWOCYDlpKh4RujSOMnw%26oauth_nonce%3D177890454751579028541377583362%26oauth_signature_method%3DHMAC-SHA1%26oauth_timestamp%3D1377583362%26oauth_token%3DRcdhelO1Kf07vf80FvU1IN0TvVWQP6ykJlwdCzU%26oauth_verifier%3D2531010%26oauth_version%3D1.0
DEBUG:oauthlib:Signature: tk1TmnDXYMCR8n6AT8/Z5KgYWd8=
DEBUG:oauthlib:Encoding URI, headers and body to utf-8.
INFO:requests.packages.urllib3.connectionpool:Starting new HTTPS connection (1): api.twitter.com
DEBUG:requests.packages.urllib3.connectionpool:"POST /oauth/access_token HTTP/1.1" 200 164
DEBUG:oauthlib:Collected params: [(u'screen_name', u'RishiMukherjee2'), (u'count', u'1'), (u'oauth_nonce', u'106087365554132740551377583366'), (u'oauth_timestamp', u'1377583366'), (u'oauth_consumer_key', u'X1XWOCYDlpKh4RujSOMnw'), (u'oauth_signature_method', u'HMAC-SHA1'), (u'oauth_version', u'1.0'), (u'oauth_token', u'531510786-kjsZFZKKgfprJ0j2fTlpyEZDscoGuJgk6QivNukv')]
DEBUG:oauthlib:Normalized params: count=1&oauth_consumer_key=X1XWOCYDlpKh4RujSOMnw&oauth_nonce=106087365554132740551377583366&oauth_signature_method=HMAC-SHA1&oauth_timestamp=1377583366&oauth_token=531510786-kjsZFZKKgfprJ0j2fTlpyEZDscoGuJgk6QivNukv&oauth_version=1.0&screen_name=RishiMukherjee2
DEBUG:oauthlib:Normalized URI: https://api.twitter.com/1.1/statuses/user_timeline.json
DEBUG:oauthlib:Base signing string: GET&https%3A%2F%2Fapi.twitter.com%2F1.1%2Fstatuses%2Fuser_timeline.json&count%3D1%26oauth_consumer_key%3DX1XWOCYDlpKh4RujSOMnw%26oauth_nonce%3D106087365554132740551377583366%26oauth_signature_method%3DHMAC-SHA1%26oauth_timestamp%3D1377583366%26oauth_token%3D531510786-kjsZFZKKgfprJ0j2fTlpyEZDscoGuJgk6QivNukv%26oauth_version%3D1.0%26screen_name%3DRishiMukherjee2
DEBUG:oauthlib:Signature: 5o0x8GYWiWHUKPcge18qwXkb07g=
DEBUG:oauthlib:Encoding URI, headers and body to utf-8.
INFO:requests.packages.urllib3.connectionpool:Starting new HTTPS connection (1): api.twitter.com
DEBUG:requests.packages.urllib3.connectionpool:"GET /1.1/statuses/user_timeline.json?screen_name=RishiMukherjee2&count=1 HTTP/1.1" 200 1039
INFO:root:username: RishiMukherjee2
DEBUG:oauthlib:Collected params: [(u'oauth_version', u'1.0'), (u'oauth_consumer_key', u'X1XWOCYDlpKh4RujSOMnw'), (u'oauth_signature_method', u'HMAC-SHA1'), (u'oauth_nonce', u'107663541891067064611377583428'), (u'oauth_timestamp', u'1377583428')]
DEBUG:oauthlib:Normalized params: oauth_consumer_key=X1XWOCYDlpKh4RujSOMnw&oauth_nonce=107663541891067064611377583428&oauth_signature_method=HMAC-SHA1&oauth_timestamp=1377583428&oauth_version=1.0
DEBUG:oauthlib:Normalized URI: https://api.twitter.com/oauth/request_token
DEBUG:oauthlib:Base signing string: POST&https%3A%2F%2Fapi.twitter.com%2Foauth%2Frequest_token&oauth_consumer_key%3DX1XWOCYDlpKh4RujSOMnw%26oauth_nonce%3D107663541891067064611377583428%26oauth_signature_method%3DHMAC-SHA1%26oauth_timestamp%3D1377583428%26oauth_version%3D1.0
DEBUG:oauthlib:Signature: /EoEwdmnIXR9Jw+AH+nH4jMB35c=
DEBUG:oauthlib:Encoding URI, headers and body to utf-8.
INFO:requests.packages.urllib3.connectionpool:Starting new HTTPS connection (1): api.twitter.com
DEBUG:requests.packages.urllib3.connectionpool:"POST /oauth/request_token HTTP/1.1" 200 149
DEBUG:oauthlib:Collected params: [(u'oauth_nonce', u'113555163642780322231377583439'), (u'oauth_timestamp', u'1377583439'), (u'oauth_verifier', u'2531010'), (u'oauth_consumer_key', u'X1XWOCYDlpKh4RujSOMnw'), (u'oauth_signature_method', u'HMAC-SHA1'), (u'oauth_version', u'1.0'), (u'oauth_token', u'yH6hKd181cAO2rrKMvuVj3QG1S9n4DS4oxUv72kfw')]
DEBUG:oauthlib:Normalized params: oauth_consumer_key=X1XWOCYDlpKh4RujSOMnw&oauth_nonce=113555163642780322231377583439&oauth_signature_method=HMAC-SHA1&oauth_timestamp=1377583439&oauth_token=yH6hKd181cAO2rrKMvuVj3QG1S9n4DS4oxUv72kfw&oauth_verifier=2531010&oauth_version=1.0
DEBUG:oauthlib:Normalized URI: https://api.twitter.com/oauth/access_token
DEBUG:oauthlib:Base signing string: POST&https%3A%2F%2Fapi.twitter.com%2Foauth%2Faccess_token&oauth_consumer_key%3DX1XWOCYDlpKh4RujSOMnw%26oauth_nonce%3D113555163642780322231377583439%26oauth_signature_method%3DHMAC-SHA1%26oauth_timestamp%3D1377583439%26oauth_token%3DyH6hKd181cAO2rrKMvuVj3QG1S9n4DS4oxUv72kfw%26oauth_verifier%3D2531010%26oauth_version%3D1.0
DEBUG:oauthlib:Signature: 52CaPjgRYmFbkvI6KI0OLAId1gQ=
DEBUG:oauthlib:Encoding URI, headers and body to utf-8.
INFO:requests.packages.urllib3.connectionpool:Starting new HTTPS connection (1): api.twitter.com
DEBUG:requests.packages.urllib3.connectionpool:"POST /oauth/access_token HTTP/1.1" 401 41
INFO:root:username: RishiMukherjee2
DEBUG:oauthlib:Collected params: [(u'oauth_version', u'1.0'), (u'oauth_consumer_key', u'X1XWOCYDlpKh4RujSOMnw'), (u'oauth_signature_method', u'HMAC-SHA1'), (u'oauth_nonce', u'155383531405752165211377583449'), (u'oauth_timestamp', u'1377583449')]
DEBUG:oauthlib:Normalized params: oauth_consumer_key=X1XWOCYDlpKh4RujSOMnw&oauth_nonce=155383531405752165211377583449&oauth_signature_method=HMAC-SHA1&oauth_timestamp=1377583449&oauth_version=1.0
DEBUG:oauthlib:Normalized URI: https://api.twitter.com/oauth/request_token
DEBUG:oauthlib:Base signing string: POST&https%3A%2F%2Fapi.twitter.com%2Foauth%2Frequest_token&oauth_consumer_key%3DX1XWOCYDlpKh4RujSOMnw%26oauth_nonce%3D155383531405752165211377583449%26oauth_signature_method%3DHMAC-SHA1%26oauth_timestamp%3D1377583449%26oauth_version%3D1.0
DEBUG:oauthlib:Signature: H/+Q+h5We5w+EeyzTxgPDpMpvAs=
DEBUG:oauthlib:Encoding URI, headers and body to utf-8.
INFO:requests.packages.urllib3.connectionpool:Starting new HTTPS connection (1): api.twitter.com
DEBUG:requests.packages.urllib3.connectionpool:"POST /oauth/request_token HTTP/1.1" 200 152
DEBUG:oauthlib:Collected params: [(u'oauth_nonce', u'112315853493772843151377583506'), (u'oauth_timestamp', u'1377583506'), (u'oauth_verifier', u'1504661'), (u'oauth_consumer_key', u'X1XWOCYDlpKh4RujSOMnw'), (u'oauth_signature_method', u'HMAC-SHA1'), (u'oauth_version', u'1.0'), (u'oauth_token', u'ySvHOxUeKG2LpDkoKubk4L4Q7fCEesn22eY8EzNuD8')]
DEBUG:oauthlib:Normalized params: oauth_consumer_key=X1XWOCYDlpKh4RujSOMnw&oauth_nonce=112315853493772843151377583506&oauth_signature_method=HMAC-SHA1&oauth_timestamp=1377583506&oauth_token=ySvHOxUeKG2LpDkoKubk4L4Q7fCEesn22eY8EzNuD8&oauth_verifier=1504661&oauth_version=1.0
DEBUG:oauthlib:Normalized URI: https://api.twitter.com/oauth/access_token
DEBUG:oauthlib:Base signing string: POST&https%3A%2F%2Fapi.twitter.com%2Foauth%2Faccess_token&oauth_consumer_key%3DX1XWOCYDlpKh4RujSOMnw%26oauth_nonce%3D112315853493772843151377583506%26oauth_signature_method%3DHMAC-SHA1%26oauth_timestamp%3D1377583506%26oauth_token%3DySvHOxUeKG2LpDkoKubk4L4Q7fCEesn22eY8EzNuD8%26oauth_verifier%3D1504661%26oauth_version%3D1.0
DEBUG:oauthlib:Signature: m/SVL+2FV96vsS/pixUdWJtPcwk=
DEBUG:oauthlib:Encoding URI, headers and body to utf-8.
INFO:requests.packages.urllib3.connectionpool:Starting new HTTPS connection (1): api.twitter.com
DEBUG:requests.packages.urllib3.connectionpool:"POST /oauth/access_token HTTP/1.1" 200 164
DEBUG:oauthlib:Collected params: [(u'screen_name', u'RishiMukherjee2'), (u'count', u'1'), (u'oauth_nonce', u'175323275815919477261377583526'), (u'oauth_timestamp', u'1377583526'), (u'oauth_consumer_key', u'X1XWOCYDlpKh4RujSOMnw'), (u'oauth_signature_method', u'HMAC-SHA1'), (u'oauth_version', u'1.0'), (u'oauth_token', u'531510786-kjsZFZKKgfprJ0j2fTlpyEZDscoGuJgk6QivNukv')]
DEBUG:oauthlib:Normalized params: count=1&oauth_consumer_key=X1XWOCYDlpKh4RujSOMnw&oauth_nonce=175323275815919477261377583526&oauth_signature_method=HMAC-SHA1&oauth_timestamp=1377583526&oauth_token=531510786-kjsZFZKKgfprJ0j2fTlpyEZDscoGuJgk6QivNukv&oauth_version=1.0&screen_name=RishiMukherjee2
DEBUG:oauthlib:Normalized URI: https://api.twitter.com/1.1/statuses/user_timeline.json
DEBUG:oauthlib:Base signing string: GET&https%3A%2F%2Fapi.twitter.com%2F1.1%2Fstatuses%2Fuser_timeline.json&count%3D1%26oauth_consumer_key%3DX1XWOCYDlpKh4RujSOMnw%26oauth_nonce%3D175323275815919477261377583526%26oauth_signature_method%3DHMAC-SHA1%26oauth_timestamp%3D1377583526%26oauth_token%3D531510786-kjsZFZKKgfprJ0j2fTlpyEZDscoGuJgk6QivNukv%26oauth_version%3D1.0%26screen_name%3DRishiMukherjee2
DEBUG:oauthlib:Signature: Ny+T7d6zqk2BMsi6dWNwkZwyqjU=
DEBUG:oauthlib:Encoding URI, headers and body to utf-8.
INFO:requests.packages.urllib3.connectionpool:Starting new HTTPS connection (1): api.twitter.com
DEBUG:requests.packages.urllib3.connectionpool:"GET /1.1/statuses/user_timeline.json?screen_name=RishiMukherjee2&count=1 HTTP/1.1" 200 1039
INFO:root:username: RishiMukherjee2
DEBUG:oauthlib:Collected params: [(u'screen_name', u'RishiMukherjee2'), (u'count', u'1'), (u'oauth_version', u'1.0'), (u'oauth_consumer_key', u'X1XWOCYDlpKh4RujSOMnw'), (u'oauth_signature_method', u'HMAC-SHA1'), (u'oauth_nonce', u'60944180383871337861377583744'), (u'oauth_timestamp', u'1377583744')]
DEBUG:oauthlib:Normalized params: count=1&oauth_consumer_key=X1XWOCYDlpKh4RujSOMnw&oauth_nonce=60944180383871337861377583744&oauth_signature_method=HMAC-SHA1&oauth_timestamp=1377583744&oauth_version=1.0&screen_name=RishiMukherjee2
DEBUG:oauthlib:Normalized URI: https://api.twitter.com/1.1/statuses/user_timeline.json
DEBUG:oauthlib:Base signing string: GET&https%3A%2F%2Fapi.twitter.com%2F1.1%2Fstatuses%2Fuser_timeline.json&count%3D1%26oauth_consumer_key%3DX1XWOCYDlpKh4RujSOMnw%26oauth_nonce%3D60944180383871337861377583744%26oauth_signature_method%3DHMAC-SHA1%26oauth_timestamp%3D1377583744%26oauth_version%3D1.0%26screen_name%3DRishiMukherjee2
DEBUG:oauthlib:Signature: CPurwc55JZ+82E0anhskoqMtP6g=
DEBUG:oauthlib:Encoding URI, headers and body to utf-8.
INFO:requests.packages.urllib3.connectionpool:Starting new HTTPS connection (1): api.twitter.com
DEBUG:requests.packages.urllib3.connectionpool:"GET /1.1/statuses/user_timeline.json?screen_name=RishiMukherjee2&count=1 HTTP/1.1" 400 None
INFO:root:username: RishiMukherjee2
INFO:root:username: RishiMukherjee2
INFO:root:username: RishiMukherjee2
INFO:root:username: RishiMukherjee2
INFO:root:username: RishiMukherjee2
DEBUG:oauthlib:Collected params: [(u'screen_name', u'RishiMukherjee2'), (u'count', u'1'), (u'oauth_nonce', u'117092717252043830681377584894'), (u'oauth_timestamp', u'1377584894'), (u'oauth_consumer_key', u'X1XWOCYDlpKh4RujSOMnw'), (u'oauth_signature_method', u'HMAC-SHA1'), (u'oauth_version', u'1.0'), (u'oauth_token', u'531510786-kjsZFZKKgfprJ0j2fTlpyEZDscoGuJgk6QivNukv')]
DEBUG:oauthlib:Normalized params: count=1&oauth_consumer_key=X1XWOCYDlpKh4RujSOMnw&oauth_nonce=117092717252043830681377584894&oauth_signature_method=HMAC-SHA1&oauth_timestamp=1377584894&oauth_token=531510786-kjsZFZKKgfprJ0j2fTlpyEZDscoGuJgk6QivNukv&oauth_version=1.0&screen_name=RishiMukherjee2
DEBUG:oauthlib:Normalized URI: https://api.twitter.com/1.1/statuses/user_timeline.json
DEBUG:oauthlib:Base signing string: GET&https%3A%2F%2Fapi.twitter.com%2F1.1%2Fstatuses%2Fuser_timeline.json&count%3D1%26oauth_consumer_key%3DX1XWOCYDlpKh4RujSOMnw%26oauth_nonce%3D117092717252043830681377584894%26oauth_signature_method%3DHMAC-SHA1%26oauth_timestamp%3D1377584894%26oauth_token%3D531510786-kjsZFZKKgfprJ0j2fTlpyEZDscoGuJgk6QivNukv%26oauth_version%3D1.0%26screen_name%3DRishiMukherjee2
DEBUG:oauthlib:Signature: bAIBlOpcu+sP1l0h85lY9a6/udY=
DEBUG:oauthlib:Encoding URI, headers and body to utf-8.
INFO:requests.packages.urllib3.connectionpool:Starting new HTTPS connection (1): api.twitter.com
DEBUG:requests.packages.urllib3.connectionpool:"GET /1.1/statuses/user_timeline.json?screen_name=RishiMukherjee2&count=1 HTTP/1.1" 401 None
INFO:root:username: RishiMukherjee2
DEBUG:oauthlib:Collected params: [(u'screen_name', u'RishiMukherjee2'), (u'count', u'1'), (u'oauth_nonce', u'158022132631538198311377584951'), (u'oauth_timestamp', u'1377584951'), (u'oauth_consumer_key', u'X1XWOCYDlpKh4RujSOMnw'), (u'oauth_signature_method', u'HMAC-SHA1'), (u'oauth_version', u'1.0'), (u'oauth_token', u'531510786-kjsZFZKKgfprJ0j2fTlpyEZDscoGuJgk6QivNukv')]
DEBUG:oauthlib:Normalized params: count=1&oauth_consumer_key=X1XWOCYDlpKh4RujSOMnw&oauth_nonce=158022132631538198311377584951&oauth_signature_method=HMAC-SHA1&oauth_timestamp=1377584951&oauth_token=531510786-kjsZFZKKgfprJ0j2fTlpyEZDscoGuJgk6QivNukv&oauth_version=1.0&screen_name=RishiMukherjee2
DEBUG:oauthlib:Normalized URI: https://api.twitter.com/1.1/statuses/user_timeline.json
DEBUG:oauthlib:Base signing string: GET&https%3A%2F%2Fapi.twitter.com%2F1.1%2Fstatuses%2Fuser_timeline.json&count%3D1%26oauth_consumer_key%3DX1XWOCYDlpKh4RujSOMnw%26oauth_nonce%3D158022132631538198311377584951%26oauth_signature_method%3DHMAC-SHA1%26oauth_timestamp%3D1377584951%26oauth_token%3D531510786-kjsZFZKKgfprJ0j2fTlpyEZDscoGuJgk6QivNukv%26oauth_version%3D1.0%26screen_name%3DRishiMukherjee2
DEBUG:oauthlib:Signature: io+MjaVgBcUWmBChPwlVD/7m/CA=
DEBUG:oauthlib:Encoding URI, headers and body to utf-8.
INFO:requests.packages.urllib3.connectionpool:Starting new HTTPS connection (1): api.twitter.com
DEBUG:requests.packages.urllib3.connectionpool:"GET /1.1/statuses/user_timeline.json?screen_name=RishiMukherjee2&count=1 HTTP/1.1" 200 1039
INFO:root:username: RishiMukherjee2
DEBUG:oauthlib:Collected params: [(u'screen_name', u'RishiMukherjee2'), (u'count', u'5'), (u'oauth_nonce', u'86260716628577040181377585140'), (u'oauth_timestamp', u'1377585140'), (u'oauth_consumer_key', u'X1XWOCYDlpKh4RujSOMnw'), (u'oauth_signature_method', u'HMAC-SHA1'), (u'oauth_version', u'1.0'), (u'oauth_token', u'531510786-kjsZFZKKgfprJ0j2fTlpyEZDscoGuJgk6QivNukv')]
DEBUG:oauthlib:Normalized params: count=5&oauth_consumer_key=X1XWOCYDlpKh4RujSOMnw&oauth_nonce=86260716628577040181377585140&oauth_signature_method=HMAC-SHA1&oauth_timestamp=1377585140&oauth_token=531510786-kjsZFZKKgfprJ0j2fTlpyEZDscoGuJgk6QivNukv&oauth_version=1.0&screen_name=RishiMukherjee2
DEBUG:oauthlib:Normalized URI: https://api.twitter.com/1.1/statuses/user_timeline.json
DEBUG:oauthlib:Base signing string: GET&https%3A%2F%2Fapi.twitter.com%2F1.1%2Fstatuses%2Fuser_timeline.json&count%3D5%26oauth_consumer_key%3DX1XWOCYDlpKh4RujSOMnw%26oauth_nonce%3D86260716628577040181377585140%26oauth_signature_method%3DHMAC-SHA1%26oauth_timestamp%3D1377585140%26oauth_token%3D531510786-kjsZFZKKgfprJ0j2fTlpyEZDscoGuJgk6QivNukv%26oauth_version%3D1.0%26screen_name%3DRishiMukherjee2
DEBUG:oauthlib:Signature: 5EAuMWcXJHNOHu63Cz67oKC7ET8=
DEBUG:oauthlib:Encoding URI, headers and body to utf-8.
INFO:requests.packages.urllib3.connectionpool:Starting new HTTPS connection (1): api.twitter.com
DEBUG:requests.packages.urllib3.connectionpool:"GET /1.1/statuses/user_timeline.json?screen_name=RishiMukherjee2&count=5 HTTP/1.1" 200 1599
INFO:root:username: RishiMukherjee2
INFO:root:username: RishiMukherjee2
DEBUG:oauthlib:Collected params: [(u'screen_name', u'RishiMukherjee2'), (u'count', u'2'), (u'oauth_nonce', u'158034806196396129281377585691'), (u'oauth_timestamp', u'1377585691'), (u'oauth_consumer_key', u'X1XWOCYDlpKh4RujSOMnw'), (u'oauth_signature_method', u'HMAC-SHA1'), (u'oauth_version', u'1.0'), (u'oauth_token', u'531510786-kjsZFZKKgfprJ0j2fTlpyEZDscoGuJgk6QivNukv')]
DEBUG:oauthlib:Normalized params: count=2&oauth_consumer_key=X1XWOCYDlpKh4RujSOMnw&oauth_nonce=158034806196396129281377585691&oauth_signature_method=HMAC-SHA1&oauth_timestamp=1377585691&oauth_token=531510786-kjsZFZKKgfprJ0j2fTlpyEZDscoGuJgk6QivNukv&oauth_version=1.0&screen_name=RishiMukherjee2
DEBUG:oauthlib:Normalized URI: https://api.twitter.com/1.1/statuses/user_timeline.json
DEBUG:oauthlib:Base signing string: GET&https%3A%2F%2Fapi.twitter.com%2F1.1%2Fstatuses%2Fuser_timeline.json&count%3D2%26oauth_consumer_key%3DX1XWOCYDlpKh4RujSOMnw%26oauth_nonce%3D158034806196396129281377585691%26oauth_signature_method%3DHMAC-SHA1%26oauth_timestamp%3D1377585691%26oauth_token%3D531510786-kjsZFZKKgfprJ0j2fTlpyEZDscoGuJgk6QivNukv%26oauth_version%3D1.0%26screen_name%3DRishiMukherjee2
DEBUG:oauthlib:Signature: 6FTwQAaA5EvtNBAE3I+BZQiOX7Y=
DEBUG:oauthlib:Encoding URI, headers and body to utf-8.
INFO:requests.packages.urllib3.connectionpool:Starting new HTTPS connection (1): api.twitter.com
DEBUG:requests.packages.urllib3.connectionpool:"GET /1.1/statuses/user_timeline.json?screen_name=RishiMukherjee2&count=2 HTTP/1.1" 200 1190
